0 info it worked if it ends with ok
1 verbose cli [ 'C:\\Program Files\\nodejs\\node.exe',
1 verbose cli   'C:\\Program Files\\nodejs\\node_modules\\npm\\bin\\npm-cli.js',
1 verbose cli   'start' ]
2 info using npm@3.10.9
3 info using node@v6.9.2
4 verbose run-script [ 'prestart', 'start', 'poststart' ]
5 info lifecycle react-boilerplate@2.5.6~prestart: react-boilerplate@2.5.6
6 silly lifecycle react-boilerplate@2.5.6~prestart: no script for prestart, continuing
7 info lifecycle react-boilerplate@2.5.6~start: react-boilerplate@2.5.6
8 verbose lifecycle react-boilerplate@2.5.6~start: unsafe-perm in lifecycle true
9 verbose lifecycle react-boilerplate@2.5.6~start: PATH: C:\Program Files\nodejs\node_modules\npm\bin\node-gyp-bin;D:\_study\ReactJS\kanban-app\node_modules\.bin;C:\Windows\system32;C:\Windows;C:\Windows\System32\Wbem;C:\Windows\System32\WindowsPowerShell\v1.0\;C:\Program Files (x86)\AMD\ATI.ACE\Core-Static;C:\Program Files (x86)\Skype\Phone\;C:\Program Files\wget;C:\Program Files\nodejs\;C:\Users\User\AppData\Local\Microsoft\WindowsApps;C:\Users\User\AppData\Roaming\npm
10 verbose lifecycle react-boilerplate@2.5.6~start: CWD: D:\_study\ReactJS\kanban-app
11 silly lifecycle react-boilerplate@2.5.6~start: Args: [ '/d /s /c', 'webpack-dev-server' ]
12 silly lifecycle react-boilerplate@2.5.6~start: Returned: code: 3221225786  signal: null
13 info lifecycle react-boilerplate@2.5.6~start: Failed to exec start script
14 verbose stack Error: react-boilerplate@2.5.6 start: `webpack-dev-server`
14 verbose stack Exit status 3221225786
14 verbose stack     at EventEmitter.<anonymous> (C:\Program Files\nodejs\node_modules\npm\lib\utils\lifecycle.js:255:16)
14 verbose stack     at emitTwo (events.js:106:13)
14 verbose stack     at EventEmitter.emit (events.js:191:7)
14 verbose stack     at ChildProcess.<anonymous> (C:\Program Files\nodejs\node_modules\npm\lib\utils\spawn.js:40:14)
14 verbose stack     at emitTwo (events.js:106:13)
14 verbose stack     at ChildProcess.emit (events.js:191:7)
14 verbose stack     at maybeClose (internal/child_process.js:877:16)
14 verbose stack     at Process.ChildProcess._handle.onexit (internal/child_process.js:226:5)
15 verbose pkgid react-boilerplate@2.5.6
16 verbose cwd D:\_study\ReactJS\kanban-app
17 error Windows_NT 10.0.14393
18 error argv "C:\\Program Files\\nodejs\\node.exe" "C:\\Program Files\\nodejs\\node_modules\\npm\\bin\\npm-cli.js" "start"
19 error node v6.9.2
20 error npm  v3.10.9
21 error code ELIFECYCLE
22 error react-boilerplate@2.5.6 start: `webpack-dev-server`
22 error Exit status 3221225786
23 error Failed at the react-boilerplate@2.5.6 start script 'webpack-dev-server'.
23 error Make sure you have the latest version of node.js and npm installed.
23 error If you do, this is most likely a problem with the react-boilerplate package,
23 error not with npm itself.
23 error Tell the author that this fails on your system:
23 error     webpack-dev-server
23 error You can get information on how to open an issue for this project with:
23 error     npm bugs react-boilerplate
23 error Or if that isn't available, you can get their info via:
23 error     npm owner ls react-boilerplate
23 error There is likely additional logging output above.
24 verbose exit [ 1, true ]
